Using pre-set license

 COMMAND LINE ARGUMENTS:
/Applications/Unity/Hub/Editor/2020.3.1f1/Unity.app/Contents/MacOS/Unity
-adb2
-batchMode
-noUpm
-name
AssetImportWorker0
-projectPath
/Users/aaroncleveland/Desktop/Space-Invaders-Unity/Space Invaders Starter
-logFile
Logs/AssetImportWorker0.log
-srvPort
50517
Successfully changed project path to: /Users/aaroncleveland/Desktop/Space-Invaders-Unity/Space Invaders Starter
/Users/aaroncleveland/Desktop/Space-Invaders-Unity/Space Invaders Starter
Using Asset Import Pipeline V2.
Refreshing native plugins compatible for Editor in 48.53 ms, found 2 plugins.
Preloading 0 native plugins for Editor in 0.00 ms.
Initialize engine version: 2020.3.1f1 (77a89f25062f)
[Subsystems] Discovering subsystems at path /Applications/Unity/Hub/Editor/2020.3.1f1/Unity.app/Contents/Resources/UnitySubsystems
[Subsystems] Discovering subsystems at path /Users/aaroncleveland/Desktop/Space-Invaders-Unity/Space Invaders Starter/Assets
GfxDevice: creating device client; threaded=0
2021-08-15 02:37:57.236 Unity[19243:533384] (null) preferred device: Apple M1 (high power)
2021-08-15 02:37:57.236 Unity[19243:533384] Metal devices available: 1
2021-08-15 02:37:57.236 Unity[19243:533384] 0: Apple M1 (high power)
2021-08-15 02:37:57.236 Unity[19243:533384] Using device Apple M1 (high power)
Initializing Metal device caps: Apple M1
Initialize mono
Mono path[0] = '/Applications/Unity/Hub/Editor/2020.3.1f1/Unity.app/Contents/Managed'
Mono path[1] = '/Applications/Unity/Hub/Editor/2020.3.1f1/Unity.app/Contents/MonoBleedingEdge/lib/mono/unityjit'
Mono config path = '/Applications/Unity/Hub/Editor/2020.3.1f1/Unity.app/Contents/MonoBleedingEdge/etc'
Using monoOptions --debugger-agent=transport=dt_socket,embedding=1,server=y,suspend=n,address=127.0.0.1:56243
Begin MonoManager ReloadAssembly
Registering precompiled unity dll's ...
Register platform support module: /Applications/Unity/Hub/Editor/2020.3.1f1/Unity.app/Contents/PlaybackEngines/MacStandaloneSupport/UnityEditor.OSXStandalone.Extensions.dll
Registered in 0.001578 seconds.
Native extension for OSXStandalone target not found
Refreshing native plugins compatible for Editor in 28.17 ms, found 2 plugins.
Preloading 0 native plugins for Editor in 0.00 ms.
Invoked RoslynAnalysisRunner static constructor.
RoslynAnalysisRunner will not be running.
RoslynAnalysisRunner has terminated.
Mono: successfully reloaded assembly
- Completed reload, in  2.104 seconds
Platform modules already initialized, skipping
Registering precompiled user dll's ...
Registered in 0.000649 seconds.
Begin MonoManager ReloadAssembly
Native extension for OSXStandalone target not found
Refreshing native plugins compatible for Editor in 28.53 ms, found 2 plugins.
Preloading 0 native plugins for Editor in 0.00 ms.
Invoked RoslynAnalysisRunner static constructor.
RoslynAnalysisRunner will not be running.
RoslynAnalysisRunner has terminated.
Mono: successfully reloaded assembly
- Completed reload, in  1.650 seconds
Platform modules already initialized, skipping
========================================================================
Worker process is ready to serve import requests
Launching external process: /Applications/Unity/Hub/Editor/2020.3.1f1/Unity.app/Contents/Tools/UnityShaderCompiler
Launched and connected shader compiler UnityShaderCompiler after 0.04 seconds
Refreshing native plugins compatible for Editor in 0.28 ms, found 2 plugins.
Preloading 0 native plugins for Editor in 0.00 ms.
Unloading 1815 Unused Serialized files (Serialized files now loaded: 0)
System memory in use before: 144.7 MB.
System memory in use after: 144.8 MB.

Unloading 19 unused Assets to reduce memory usage. Loaded Objects now: 2262.
Total: 2.403875 ms (FindLiveObjects: 0.322167 ms CreateObjectMapping: 0.035500 ms MarkObjects: 1.980875 ms  DeleteObjects: 0.064416 ms)

========================================================================
Received Import Request.
  path: Assets/RW/Scripts/TorchkaManager.cs
  artifactKey: Guid(955633e2c2c5511409a7677d468b49fb) Importer(815301076,1909f56bfc062723c751e8b465ee728b)
Start importing Assets/RW/Scripts/TorchkaManager.cs using Guid(955633e2c2c5511409a7677d468b49fb) Importer(815301076,1909f56bfc062723c751e8b465ee728b)  -> (artifact id: 'd7df508f4b9461fe6c38971064bcc787') in 0.336875 seconds
  Import took 0.340149 seconds .

========================================================================
Received Import Request.
  Time since last request: 0.000408 seconds.
  path: Assets/RW/Scripts/Bullet.cs
  artifactKey: Guid(646e50ec0a2cc4e4b9f8a7ca439b3b68) Importer(815301076,1909f56bfc062723c751e8b465ee728b)
Start importing Assets/RW/Scripts/Bullet.cs using Guid(646e50ec0a2cc4e4b9f8a7ca439b3b68) Importer(815301076,1909f56bfc062723c751e8b465ee728b)  -> (artifact id: '3b428e6442ee512eb3d1e4bad7f70e06') in 0.001341 seconds
  Import took 0.003381 seconds .

========================================================================
Received Prepare
Registering precompiled user dll's ...
Registered in 0.000461 seconds.
Begin MonoManager ReloadAssembly
Native extension for OSXStandalone target not found
Refreshing native plugins compatible for Editor in 0.57 ms, found 2 plugins.
Preloading 0 native plugins for Editor in 0.00 ms.
Invoked RoslynAnalysisRunner static constructor.
RoslynAnalysisRunner will not be running.
RoslynAnalysisRunner has terminated.
Mono: successfully reloaded assembly
- Completed reload, in  1.590 seconds
Platform modules already initialized, skipping
Refreshing native plugins compatible for Editor in 0.24 ms, found 2 plugins.
Preloading 0 native plugins for Editor in 0.00 ms.
Unloading 1805 Unused Serialized files (Serialized files now loaded: 0)
System memory in use before: 148.7 MB.
System memory in use after: 148.8 MB.

Unloading 7 unused Assets to reduce memory usage. Loaded Objects now: 2266.
Total: 1.331542 ms (FindLiveObjects: 0.134208 ms CreateObjectMapping: 0.038167 ms MarkObjects: 1.146042 ms  DeleteObjects: 0.012333 ms)

